[LOG] System::create                           : Header version = 2.02.09. Current version = 2.02.09.
[LOG] Manager::init                            : maxchannels = 256 studioflags = 00000006 flags 00000000 extradriverdata 0000000000000000.
[LOG] SystemI::init                            : Initialize version=20209 (128289), maxchannels=256, flags=0x00020000
[LOG] SystemI::setOutputInternal               : Setting output to 'FMOD WASAPI Output'
[LOG] OutputWASAPI::init                       : Mix Format (WAVEFORMATEX): wFormatTag=0xFFFE, nChannels=2, nSamplesPerSec=48000, nAvgBytesPerSec=384000, nBlockAlign=8, wBitsPerSample=32, cbSize=22.
[LOG] OutputWASAPI::init                       : Mix Format (WAVEFORMATEXTENSIBLE): wValidBitsPerSample=32, dwChannelMask=0x00000003, SubFormat=00000003-0000-0010-8000-00AA00389B71.
[LOG] OutputWASAPI::init                       : Output buffer size: 4096 samples, latency: 0.00ms, period: 10.00ms, DSP buffer: 1024 * 4
[LOG] Thread::initThread                       : Init FMOD stream thread. Affinity: 0x4000000000000003, Priority: 0xFFFF7FFB, Stack Size: 98304, Semaphore: No, Sleep Time: 10, Looping: Yes.
[LOG] Thread::initThread                       : Init FMOD mixer thread. Affinity: 0x4000000000000001, Priority: 0xFFFF7FFA, Stack Size: 81920, Semaphore: No, Sleep Time: 0, Looping: Yes.
[LOG] AsyncManager::init                       : manager 000002E377520608 isAsync 0 updatePeriod 0.02
[LOG] AsyncManager::init                       : done
[LOG] PlaybackSystem::init                     : 
[LOG] Thread::initThread                       : Init FMOD Studio sample load thread. Affinity: 0x4000000000000003, Priority: 0xFFFF7FFD, Stack Size: 98304, Semaphore: No, Sleep Time: 1, Looping: No.
[LOG] PlaybackSystem::init                     : done
[LOG] Thread::initThread                       : Init FMOD Studio bank load thread. Affinity: 0x4000000000000003, Priority: 0xFFFF7FFD, Stack Size: 98304, Semaphore: No, Sleep Time: 1, Looping: No.
[LOG] Manager::init                            : done.
[LOG] Manager::readBank                        : fileversion = 142, compatVersion = 140 (oldest = 44, newest = 142)
[LOG] Manager::readBank                        : fileversion = 142, compatVersion = 140 (oldest = 44, newest = 142)
[LOG] Manager::readBank                        : fileversion = 142, compatVersion = 140 (oldest = 44, newest = 142)
[LOG] Manager::readBank                        : fileversion = 142, compatVersion = 140 (oldest = 44, newest = 142)
[LOG] PlaybackSystem::acquireMasterBus         : Setting master channel group format to 6
[LOG] Manager::readBank                        : fileversion = 142, compatVersion = 140 (oldest = 44, newest = 142)
[LOG] SystemI::createSound                     : filename = Assets/FMOD/fmodstudio/Build/Desktop/Background.bank : mode 02010082
[LOG] SystemI::createSound                     : FMOD_NONBLOCKING specified.  Putting into queue to be opened asynchronously!
[LOG] SystemI::createSound                     : setdata soundi = 000002E260492488 : node = 000002E262FC1380
[LOG] SystemI::createSound                     : add node to async list : head = 000002E2AC1DD368.  list count = 0
[LOG] AsyncThread::threadFunc                  : Starting Asynchronous operation on sound 000002E260492488
[LOG] SystemI::createSoundInternal             :     Create name='Assets/FMOD/fmodstudio/Build/Desktop/Background.bank', mode=0x02010082
[LOG] SystemI::createSoundInternal             :     exinfo->cbsize             = 224
[LOG] SystemI::createSoundInternal             :     exinfo->length             = 16319616
[LOG] SystemI::createSoundInternal             :     exinfo->fileoffset         = 17952
[LOG] SystemI::createSoundInternal             :     exinfo->numsubsounds       = 1
[LOG] SystemI::createSoundInternal             :     exinfo->inclusionlist      = 000002E262FC1490
[LOG] SystemI::createSoundInternal             :     exinfo->inclusionlistnum   = 1
[LOG] SystemI::createSoundInternal             :     exinfo->suggestedsoundtype = 5
[LOG] SystemI::createSoundInternal             :     exinfo->initialseekpostype = 1
[LOG] SystemI::createSoundInternal             :     Stream 0/1: name='BG_Days of Healing - Franz Gordon(home departure)', format=5, channels=2, frequency=48000, lengthbytes=2073312, lengthpcm=7582464, pcmblocksize=0, loopstart=0, loopend=0, mode=0x00000000, channelmask=0x00000000, channelorder=0, peakvolume=0.999969.
[LOG] AsyncThread::threadFunc                  : Finished Asynchronous operation on sound 000002E260492488
[LOG] SystemI::createSoundInternal             : Create name='', mode=0x02000202
[LOG] SystemI::createSoundInternal             : exinfo->cbsize             = 224
[LOG] SystemI::createSoundInternal             : exinfo->length             = 1075744
[LOG] SystemI::createSoundInternal             : exinfo->fileoffset         = 18464
[LOG] SystemI::createSoundInternal             : exinfo->numsubsounds       = 1
[LOG] SystemI::createSoundInternal             : exinfo->inclusionlist      = 000000F0DE10F168
[LOG] SystemI::createSoundInternal             : exinfo->inclusionlistnum   = 1
[LOG] SystemI::createSoundInternal             : exinfo->suggestedsoundtype = 5
[LOG] SystemI::createSoundInternal             : exinfo->useropen           = 00007FFC542E33C0
[LOG] SystemI::createSoundInternal             : exinfo->userclose          = 00007FFC542E3380
[LOG] SystemI::createSoundInternal             : exinfo->userread           = 00007FFC542E34A0
[LOG] SystemI::createSoundInternal             : exinfo->userseek           = 00007FFC542E3560
[LOG] SystemI::createSoundInternal             : exinfo->fileuserdata       = 000002E03565DDE8
[LOG] SystemI::createSoundInternal             : exinfo->initialseekpostype = 1
[LOG] SystemI::DSPCodecPoolRegister            : register codec pool for pool type 5
[LOG] SystemI::createSoundInternal             : Sample 0/1: name='kalimba note 04', format=5, channels=1, frequency=48000, lengthbytes=21760, lengthpcm=134784, pcmblocksize=0, loopstart=0, loopend=0, mode=0x00000000, channelmask=0x00000000, channelorder=0, peakvolume=0.724152.
[LOG] SystemI::createSoundInternal             : Create name='', mode=0x02000202
[LOG] SystemI::createSoundInternal             : exinfo->cbsize             = 224
[LOG] SystemI::createSoundInternal             : exinfo->length             = 1075744
[LOG] SystemI::createSoundInternal             : exinfo->fileoffset         = 18464
[LOG] SystemI::createSoundInternal             : exinfo->numsubsounds       = 1
[LOG] SystemI::createSoundInternal             : exinfo->inclusionlist      = 000000F0DE10F168
[LOG] SystemI::createSoundInternal             : exinfo->inclusionlistnum   = 1
[LOG] SystemI::createSoundInternal             : exinfo->suggestedsoundtype = 5
[LOG] SystemI::createSoundInternal             : exinfo->useropen           = 00007FFC542E33C0
[LOG] SystemI::createSoundInternal             : exinfo->userclose          = 00007FFC542E3380
[LOG] SystemI::createSoundInternal             : exinfo->userread           = 00007FFC542E34A0
[LOG] SystemI::createSoundInternal             : exinfo->userseek           = 00007FFC542E3560
[LOG] SystemI::createSoundInternal             : exinfo->fileuserdata       = 000002E03565DDE8
[LOG] SystemI::createSoundInternal             : exinfo->initialseekpostype = 1
[LOG] SystemI::DSPCodecPoolRegister            : register codec pool for pool type 5
[LOG] SystemI::createSoundInternal             : Sample 0/1: name='xylophone 2', format=5, channels=2, frequency=48000, lengthbytes=16384, lengthpcm=72724, pcmblocksize=0, loopstart=0, loopend=0, mode=0x00000000, channelmask=0x00000000, channelorder=0, peakvolume=0.999969.
[LOG] SystemI::createSoundInternal             : Create name='', mode=0x02000202
[LOG] SystemI::createSoundInternal             : exinfo->cbsize             = 224
[LOG] SystemI::createSoundInternal             : exinfo->length             = 1075744
[LOG] SystemI::createSoundInternal             : exinfo->fileoffset         = 18464
[LOG] SystemI::createSoundInternal             : exinfo->numsubsounds       = 1
[LOG] SystemI::createSoundInternal             : exinfo->inclusionlist      = 000000F0DE10F168
[LOG] SystemI::createSoundInternal             : exinfo->inclusionlistnum   = 1
[LOG] SystemI::createSoundInternal             : exinfo->suggestedsoundtype = 5
[LOG] SystemI::createSoundInternal             : exinfo->useropen           = 00007FFC542E33C0
[LOG] SystemI::createSoundInternal             : exinfo->userclose          = 00007FFC542E3380
[LOG] SystemI::createSoundInternal             : exinfo->userread           = 00007FFC542E34A0
[LOG] SystemI::createSoundInternal             : exinfo->userseek           = 00007FFC542E3560
[LOG] SystemI::createSoundInternal             : exinfo->fileuserdata       = 000002E03565DDE8
[LOG] SystemI::createSoundInternal             : exinfo->initialseekpostype = 1
[LOG] SystemI::DSPCodecPoolRegister            : register codec pool for pool type 5
[LOG] SystemI::createSoundInternal             : Sample 0/1: name='ES_Music Box Swan Lake Single Notes 3 - SFX Producer', format=5, channels=1, frequency=48000, lengthbytes=17184, lengthpcm=108288, pcmblocksize=0, loopstart=0, loopend=0, mode=0x00000000, channelmask=0x00000000, channelorder=0, peakvolume=0.385742.
[LOG] SystemI::createSoundInternal             : Create name='', mode=0x02000202
[LOG] SystemI::createSoundInternal             : exinfo->cbsize             = 224
[LOG] SystemI::createSoundInternal             : exinfo->length             = 1075744
[LOG] SystemI::createSoundInternal             : exinfo->fileoffset         = 18464
[LOG] SystemI::createSoundInternal             : exinfo->numsubsounds       = 1
[LOG] SystemI::createSoundInternal             : exinfo->inclusionlist      = 000000F0DE10F168
[LOG] SystemI::createSoundInternal             : exinfo->inclusionlistnum   = 1
[LOG] SystemI::createSoundInternal             : exinfo->suggestedsoundtype = 5
[LOG] SystemI::createSoundInternal             : exinfo->useropen           = 00007FFC542E33C0
[LOG] SystemI::createSoundInternal             : exinfo->userclose          = 00007FFC542E3380
[LOG] SystemI::createSoundInternal             : exinfo->userread           = 00007FFC542E34A0
[LOG] SystemI::createSoundInternal             : exinfo->userseek           = 00007FFC542E3560
[LOG] SystemI::createSoundInternal             : exinfo->fileuserdata       = 000002E03565DDE8
[LOG] SystemI::createSoundInternal             : exinfo->initialseekpostype = 1
[LOG] SystemI::DSPCodecPoolRegister            : register codec pool for pool type 5
[LOG] SystemI::createSoundInternal             : Sample 0/1: name='single-piano-note-1_01', format=5, channels=1, frequency=48000, lengthbytes=8448, lengthpcm=58752, pcmblocksize=0, loopstart=0, loopend=0, mode=0x00000000, channelmask=0x00000000, channelorder=0, peakvolume=0.061890.
[LOG] SystemI::createSoundInternal             : Create name='', mode=0x02000202
[LOG] SystemI::createSoundInternal             : exinfo->cbsize             = 224
[LOG] SystemI::createSoundInternal             : exinfo->length             = 1075744
[LOG] SystemI::createSoundInternal             : exinfo->fileoffset         = 18464
[LOG] SystemI::createSoundInternal             : exinfo->numsubsounds       = 1
[LOG] SystemI::createSoundInternal             : exinfo->inclusionlist      = 000000F0DE10F168
[LOG] SystemI::createSoundInternal             : exinfo->inclusionlistnum   = 1
[LOG] SystemI::createSoundInternal             : exinfo->suggestedsoundtype = 5
[LOG] SystemI::createSoundInternal             : exinfo->useropen           = 00007FFC542E33C0
[LOG] SystemI::createSoundInternal             : exinfo->userclose          = 00007FFC542E3380
[LOG] SystemI::createSoundInternal             : exinfo->userread           = 00007FFC542E34A0
[LOG] SystemI::createSoundInternal             : exinfo->userseek           = 00007FFC542E3560
[LOG] SystemI::createSoundInternal             : exinfo->fileuserdata       = 000002E03565DDE8
[LOG] SystemI::createSoundInternal             : exinfo->initialseekpostype = 1
[LOG] SystemI::DSPCodecPoolRegister            : register codec pool for pool type 5
[LOG] SystemI::createSoundInternal             : Sample 0/1: name='xylophone 3', format=5, channels=2, frequency=48000, lengthbytes=16000, lengthpcm=72724, pcmblocksize=0, loopstart=0, loopend=0, mode=0x00000000, channelmask=0x00000000, channelorder=0, peakvolume=0.944275.
[LOG] SystemI::createSoundInternal             : Create name='', mode=0x02000202
[LOG] SystemI::createSoundInternal             : exinfo->cbsize             = 224
[LOG] SystemI::createSoundInternal             : exinfo->length             = 1075744
[LOG] SystemI::createSoundInternal             : exinfo->fileoffset         = 18464
[LOG] SystemI::createSoundInternal             : exinfo->numsubsounds       = 1
[LOG] SystemI::createSoundInternal             : exinfo->inclusionlist      = 000000F0DE10F168
[LOG] SystemI::createSoundInternal             : exinfo->inclusionlistnum   = 1
[LOG] SystemI::createSoundInternal             : exinfo->suggestedsoundtype = 5
[LOG] SystemI::createSoundInternal             : exinfo->useropen           = 00007FFC542E33C0
[LOG] SystemI::createSoundInternal             : exinfo->userclose          = 00007FFC542E3380
[LOG] SystemI::createSoundInternal             : exinfo->userread           = 00007FFC542E34A0
[LOG] SystemI::createSoundInternal             : exinfo->userseek           = 00007FFC542E3560
[LOG] SystemI::createSoundInternal             : exinfo->fileuserdata       = 000002E03565DDE8
[LOG] SystemI::createSoundInternal             : exinfo->initialseekpostype = 1
[LOG] SystemI::DSPCodecPoolRegister            : register codec pool for pool type 5
[LOG] SystemI::createSoundInternal             : Sample 0/1: name='ES_Music Box Swan Lake Single Notes 14 - SFX Producer', format=5, channels=1, frequency=48000, lengthbytes=33760, lengthpcm=210816, pcmblocksize=0, loopstart=0, loopend=0, mode=0x00000000, channelmask=0x00000000, channelorder=0, peakvolume=0.725098.
[LOG] SystemI::createSoundInternal             : Create name='', mode=0x02000202
[LOG] SystemI::createSoundInternal             : exinfo->cbsize             = 224
[LOG] SystemI::createSoundInternal             : exinfo->length             = 1075744
[LOG] SystemI::createSoundInternal             : exinfo->fileoffset         = 18464
[LOG] SystemI::createSoundInternal             : exinfo->numsubsounds       = 1
[LOG] SystemI::createSoundInternal             : exinfo->inclusionlist      = 000000F0DE10F168
[LOG] SystemI::createSoundInternal             : exinfo->inclusionlistnum   = 1
[LOG] SystemI::createSoundInternal             : exinfo->suggestedsoundtype = 5
[LOG] SystemI::createSoundInternal             : exinfo->useropen           = 00007FFC542E33C0
[LOG] SystemI::createSoundInternal             : exinfo->userclose          = 00007FFC542E3380
[LOG] SystemI::createSoundInternal             : exinfo->userread           = 00007FFC542E34A0
[LOG] SystemI::createSoundInternal             : exinfo->userseek           = 00007FFC542E3560
[LOG] SystemI::createSoundInternal             : exinfo->fileuserdata       = 000002E03565DDE8
[LOG] SystemI::createSoundInternal             : exinfo->initialseekpostype = 1
[LOG] SystemI::DSPCodecPoolRegister            : register codec pool for pool type 5
[LOG] SystemI::createSoundInternal             : Sample 0/1: name='kalimba 5', format=5, channels=1, frequency=48000, lengthbytes=3552, lengthpcm=20736, pcmblocksize=0, loopstart=0, loopend=0, mode=0x00000000, channelmask=0x00000000, channelorder=0, peakvolume=0.258514.
[LOG] SystemI::createSoundInternal             : Create name='', mode=0x02000202
[LOG] SystemI::createSoundInternal             : exinfo->cbsize             = 224
[LOG] SystemI::createSoundInternal             : exinfo->length             = 1075744
[LOG] SystemI::createSoundInternal             : exinfo->fileoffset         = 18464
[LOG] SystemI::createSoundInternal             : exinfo->numsubsounds       = 1
[LOG] SystemI::createSoundInternal             : exinfo->inclusionlist      = 000000F0DE10F168
[LOG] SystemI::createSoundInternal             : exinfo->inclusionlistnum   = 1
[LOG] SystemI::createSoundInternal             : exinfo->suggestedsoundtype = 5
[LOG] SystemI::createSoundInternal             : exinfo->useropen           = 00007FFC542E33C0
[LOG] SystemI::createSoundInternal             : exinfo->userclose          = 00007FFC542E3380
[LOG] SystemI::createSoundInternal             : exinfo->userread           = 00007FFC542E34A0
[LOG] SystemI::createSoundInternal             : exinfo->userseek           = 00007FFC542E3560
[LOG] SystemI::createSoundInternal             : exinfo->fileuserdata       = 000002E03565DDE8
[LOG] SystemI::createSoundInternal             : exinfo->initialseekpostype = 1
[LOG] SystemI::DSPCodecPoolRegister            : register codec pool for pool type 5
[LOG] SystemI::createSoundInternal             : Sample 0/1: name='single-piano-note-1_02', format=5, channels=1, frequency=48000, lengthbytes=6464, lengthpcm=43776, pcmblocksize=0, loopstart=0, loopend=0, mode=0x00000000, channelmask=0x00000000, channelorder=0, peakvolume=0.029297.
[LOG] SystemI::createSoundInternal             : Create name='', mode=0x02000202
[LOG] SystemI::createSoundInternal             : exinfo->cbsize             = 224
[LOG] SystemI::createSoundInternal             : exinfo->length             = 1075744
[LOG] SystemI::createSoundInternal             : exinfo->fileoffset         = 18464
[LOG] SystemI::createSoundInternal             : exinfo->numsubsounds       = 1
[LOG] SystemI::createSoundInternal             : exinfo->inclusionlist      = 000000F0DE10F168
[LOG] SystemI::createSoundInternal             : exinfo->inclusionlistnum   = 1
[LOG] SystemI::createSoundInternal             : exinfo->suggestedsoundtype = 5
[LOG] SystemI::createSoundInternal             : exinfo->useropen           = 00007FFC542E33C0
[LOG] SystemI::createSoundInternal             : exinfo->userclose          = 00007FFC542E3380
[LOG] SystemI::createSoundInternal             : exinfo->userread           = 00007FFC542E34A0
[LOG] SystemI::createSoundInternal             : exinfo->userseek           = 00007FFC542E3560
[LOG] SystemI::createSoundInternal             : exinfo->fileuserdata       = 000002E03565DDE8
[LOG] SystemI::createSoundInternal             : exinfo->initialseekpostype = 1
[LOG] SystemI::DSPCodecPoolRegister            : register codec pool for pool type 5
[LOG] SystemI::createSoundInternal             : Sample 0/1: name='flute note 5', format=5, channels=1, frequency=48000, lengthbytes=2976, lengthpcm=18808, pcmblocksize=0, loopstart=0, loopend=0, mode=0x00000000, channelmask=0x00000000, channelorder=0, peakvolume=0.060638.
[LOG] SystemI::createSoundInternal             : Create name='', mode=0x02000202
[LOG] SystemI::createSoundInternal             : exinfo->cbsize             = 224
[LOG] SystemI::createSoundInternal             : exinfo->length             = 1075744
[LOG] SystemI::createSoundInternal             : exinfo->fileoffset         = 18464
[LOG] SystemI::createSoundInternal             : exinfo->numsubsounds       = 1
[LOG] SystemI::createSoundInternal             : exinfo->inclusionlist      = 000000F0DE10F168
[LOG] SystemI::createSoundInternal             : exinfo->inclusionlistnum   = 1
[LOG] SystemI::createSoundInternal             : exinfo->suggestedsoundtype = 5
[LOG] SystemI::createSoundInternal             : exinfo->useropen           = 00007FFC542E33C0
[LOG] SystemI::createSoundInternal             : exinfo->userclose          = 00007FFC542E3380
[LOG] SystemI::createSoundInternal             : exinfo->userread           = 00007FFC542E34A0
[LOG] SystemI::createSoundInternal             : exinfo->userseek           = 00007FFC542E3560
[LOG] SystemI::createSoundInternal             : exinfo->fileuserdata       = 000002E03565DDE8
[LOG] SystemI::createSoundInternal             : exinfo->initialseekpostype = 1
[LOG] SystemI::DSPCodecPoolRegister            : register codec pool for pool type 5
[LOG] SystemI::createSoundInternal             : Sample 0/1: name='flute note 3#', format=5, channels=1, frequency=48000, lengthbytes=4672, lengthpcm=31346, pcmblocksize=0, loopstart=0, loopend=0, mode=0x00000000, channelmask=0x00000000, channelorder=0, peakvolume=0.146820.
[LOG] SystemI::createSoundInternal             : Create name='', mode=0x02000202
[LOG] SystemI::createSoundInternal             : exinfo->cbsize             = 224
[LOG] SystemI::createSoundInternal             : exinfo->length             = 1075744
[LOG] SystemI::createSoundInternal             : exinfo->fileoffset         = 18464
[LOG] SystemI::createSoundInternal             : exinfo->numsubsounds       = 1
[LOG] SystemI::createSoundInternal             : exinfo->inclusionlist      = 000000F0DE10F168
[LOG] SystemI::createSoundInternal             : exinfo->inclusionlistnum   = 1
[LOG] SystemI::createSoundInternal             : exinfo->suggestedsoundtype = 5
[LOG] SystemI::createSoundInternal             : exinfo->useropen           = 00007FFC542E33C0
[LOG] SystemI::createSoundInternal             : exinfo->userclose          = 00007FFC542E3380
[LOG] SystemI::createSoundInternal             : exinfo->userread           = 00007FFC542E34A0
[LOG] SystemI::createSoundInternal             : exinfo->userseek           = 00007FFC542E3560
[LOG] SystemI::createSoundInternal             : exinfo->fileuserdata       = 000002E03565DDE8
[LOG] SystemI::createSoundInternal             : exinfo->initialseekpostype = 1
[LOG] SystemI::DSPCodecPoolRegister            : register codec pool for pool type 5
[LOG] SystemI::createSoundInternal             : Sample 0/1: name='415104__gusgus26__kalimba note 1', format=5, channels=1, frequency=48000, lengthbytes=27232, lengthpcm=167040, pcmblocksize=0, loopstart=0, loopend=0, mode=0x00000000, channelmask=0x00000000, channelorder=0, peakvolume=0.756744.
[LOG] SystemI::createSoundInternal             : Create name='', mode=0x02000202
[LOG] SystemI::createSoundInternal             : exinfo->cbsize             = 224
[LOG] SystemI::createSoundInternal             : exinfo->length             = 1075744
[LOG] SystemI::createSoundInternal             : exinfo->fileoffset         = 18464
[LOG] SystemI::createSoundInternal             : exinfo->numsubsounds       = 1
[LOG] SystemI::createSoundInternal             : exinfo->inclusionlist      = 000000F0DE10F168
[LOG] SystemI::createSoundInternal             : exinfo->inclusionlistnum   = 1
[LOG] SystemI::createSoundInternal             : exinfo->suggestedsoundtype = 5
[LOG] SystemI::createSoundInternal             : exinfo->useropen           = 00007FFC542E33C0
[LOG] SystemI::createSoundInternal             : exinfo->userclose          = 00007FFC542E3380
[LOG] SystemI::createSoundInternal             : exinfo->userread           = 00007FFC542E34A0
[LOG] SystemI::createSoundInternal             : exinfo->userseek           = 00007FFC542E3560
[LOG] SystemI::createSoundInternal             : exinfo->fileuserdata       = 000002E03565DDE8
[LOG] SystemI::createSoundInternal             : exinfo->initialseekpostype = 1
[LOG] SystemI::DSPCodecPoolRegister            : register codec pool for pool type 5
[LOG] SystemI::createSoundInternal             : Sample 0/1: name='Acoustic Guitar 12 - SFX Producer', format=5, channels=2, frequency=48000, lengthbytes=30176, lengthpcm=170496, pcmblocksize=0, loopstart=0, loopend=0, mode=0x00000000, channelmask=0x00000000, channelorder=0, peakvolume=0.210938.
[LOG] SystemI::createSoundInternal             : Create name='', mode=0x02000202
[LOG] SystemI::createSoundInternal             : exinfo->cbsize             = 224
[LOG] SystemI::createSoundInternal             : exinfo->length             = 1075744
[LOG] SystemI::createSoundInternal             : exinfo->fileoffset         = 18464
[LOG] SystemI::createSoundInternal             : exinfo->numsubsounds       = 1
[LOG] SystemI::createSoundInternal             : exinfo->inclusionlist      = 000000F0DE10F168
[LOG] SystemI::createSoundInternal             : exinfo->inclusionlistnum   = 1
[LOG] SystemI::createSoundInternal             : exinfo->suggestedsoundtype = 5
[LOG] SystemI::createSoundInternal             : exinfo->useropen           = 00007FFC542E33C0
[LOG] SystemI::createSoundInternal             : exinfo->userclose          = 00007FFC542E3380
[LOG] SystemI::createSoundInternal             : exinfo->userread           = 00007FFC542E34A0
[LOG] SystemI::createSoundInternal             : exinfo->userseek           = 00007FFC542E3560
[LOG] SystemI::createSoundInternal             : exinfo->fileuserdata       = 000002E03565DDE8
[LOG] SystemI::createSoundInternal             : exinfo->initialseekpostype = 1
[LOG] SystemI::DSPCodecPoolRegister            : register codec pool for pool type 5
[LOG] SystemI::createSoundInternal             : Sample 0/1: name='ES_Acoustic Guitar 6 - SFX Producer', format=5, channels=2, frequency=48000, lengthbytes=37888, lengthpcm=232704, pcmblocksize=0, loopstart=0, loopend=0, mode=0x00000000, channelmask=0x00000000, channelorder=0, peakvolume=0.937042.
[LOG] SystemI::createSoundInternal             : Create name='', mode=0x02000202
[LOG] SystemI::createSoundInternal             : exinfo->cbsize             = 224
[LOG] SystemI::createSoundInternal             : exinfo->length             = 1075744
[LOG] SystemI::createSoundInternal             : exinfo->fileoffset         = 18464
[LOG] SystemI::createSoundInternal             : exinfo->numsubsounds       = 1
[LOG] SystemI::createSoundInternal             : exinfo->inclusionlist      = 000000F0DE10F168
[LOG] SystemI::createSoundInternal             : exinfo->inclusionlistnum   = 1
[LOG] SystemI::createSoundInternal             : exinfo->suggestedsoundtype = 5
[LOG] SystemI::createSoundInternal             : exinfo->useropen           = 00007FFC542E33C0
[LOG] SystemI::createSoundInternal             : exinfo->userclose          = 00007FFC542E3380
[LOG] SystemI::createSoundInternal             : exinfo->userread           = 00007FFC542E34A0
[LOG] SystemI::createSoundInternal             : exinfo->userseek           = 00007FFC542E3560
[LOG] SystemI::createSoundInternal             : exinfo->fileuserdata       = 000002E03565DDE8
[LOG] SystemI::createSoundInternal             : exinfo->initialseekpostype = 1
[LOG] SystemI::DSPCodecPoolRegister            : register codec pool for pool type 5
[LOG] SystemI::createSoundInternal             : Sample 0/1: name='ES_Music Box Swan Lake Single Notes 31 - SFX Producer', format=5, channels=1, frequency=48000, lengthbytes=26240, lengthpcm=163584, pcmblocksize=0, loopstart=0, loopend=0, mode=0x00000000, channelmask=0x00000000, channelorder=0, peakvolume=0.504425.
[LOG] SystemI::createSoundInternal             : Create name='', mode=0x02000202
[LOG] SystemI::createSoundInternal             : exinfo->cbsize             = 224
[LOG] SystemI::createSoundInternal             : exinfo->length             = 1075744
[LOG] SystemI::createSoundInternal             : exinfo->fileoffset         = 18464
[LOG] SystemI::createSoundInternal             : exinfo->numsubsounds       = 1
[LOG] SystemI::createSoundInternal             : exinfo->inclusionlist      = 000000F0DE10F168
[LOG] SystemI::createSoundInternal             : exinfo->inclusionlistnum   = 1
[LOG] SystemI::createSoundInternal             : exinfo->suggestedsoundtype = 5
[LOG] SystemI::createSoundInternal             : exinfo->useropen           = 00007FFC542E33C0
[LOG] SystemI::createSoundInternal             : exinfo->userclose          = 00007FFC542E3380
[LOG] SystemI::createSoundInternal             : exinfo->userread           = 00007FFC542E34A0
[LOG] SystemI::createSoundInternal             : exinfo->userseek           = 00007FFC542E3560
[LOG] SystemI::createSoundInternal             : exinfo->fileuserdata       = 000002E03565DDE8
[LOG] SystemI::createSoundInternal             : exinfo->initialseekpostype = 1
[LOG] SystemI::DSPCodecPoolRegister            : register codec pool for pool type 5
[LOG] SystemI::createSoundInternal             : Sample 0/1: name='kalimba 3', format=5, channels=1, frequency=48000, lengthbytes=25920, lengthpcm=155520, pcmblocksize=0, loopstart=0, loopend=0, mode=0x00000000, channelmask=0x00000000, channelorder=0, peakvolume=0.836273.
[LOG] SystemI::createSoundInternal             : Create name='', mode=0x02000202
[LOG] SystemI::createSoundInternal             : exinfo->cbsize             = 224
[LOG] SystemI::createSoundInternal             : exinfo->length             = 1075744
[LOG] SystemI::createSoundInternal             : exinfo->fileoffset         = 18464
[LOG] SystemI::createSoundInternal             : exinfo->numsubsounds       = 1
[LOG] SystemI::createSoundInternal             : exinfo->inclusionlist      = 000000F0DE10F168
[LOG] SystemI::createSoundInternal             : exinfo->inclusionlistnum   = 1
[LOG] SystemI::createSoundInternal             : exinfo->suggestedsoundtype = 5
[LOG] SystemI::createSoundInternal             : exinfo->useropen           = 00007FFC542E33C0
[LOG] SystemI::createSoundInternal             : exinfo->userclose          = 00007FFC542E3380
[LOG] SystemI::createSoundInternal             : exinfo->userread           = 00007FFC542E34A0
[LOG] SystemI::createSoundInternal             : exinfo->userseek           = 00007FFC542E3560
[LOG] SystemI::createSoundInternal             : exinfo->fileuserdata       = 000002E03565DDE8
[LOG] SystemI::createSoundInternal             : exinfo->initialseekpostype = 1
[LOG] SystemI::DSPCodecPoolRegister            : register codec pool for pool type 5
[LOG] SystemI::createSoundInternal             : Sample 0/1: name='xylophone 4', format=5, channels=2, frequency=48000, lengthbytes=14848, lengthpcm=68963, pcmblocksize=0, loopstart=0, loopend=0, mode=0x00000000, channelmask=0x00000000, channelorder=0, peakvolume=0.678162.
[LOG] SystemI::createSoundInternal             : Create name='', mode=0x02000202
[LOG] SystemI::createSoundInternal             : exinfo->cbsize             = 224
[LOG] SystemI::createSoundInternal             : exinfo->length             = 1075744
[LOG] SystemI::createSoundInternal             : exinfo->fileoffset         = 18464
[LOG] SystemI::createSoundInternal             : exinfo->numsubsounds       = 1
[LOG] SystemI::createSoundInternal             : exinfo->inclusionlist      = 000000F0DE10F168
[LOG] SystemI::createSoundInternal             : exinfo->inclusionlistnum   = 1
[LOG] SystemI::createSoundInternal             : exinfo->suggestedsoundtype = 5
[LOG] SystemI::createSoundInternal             : exinfo->useropen           = 00007FFC542E33C0
[LOG] SystemI::createSoundInternal             : exinfo->userclose          = 00007FFC542E3380
[LOG] SystemI::createSoundInternal             : exinfo->userread           = 00007FFC542E34A0
[LOG] SystemI::createSoundInternal             : exinfo->userseek           = 00007FFC542E3560
[LOG] SystemI::createSoundInternal             : exinfo->fileuserdata       = 000002E03565DDE8
[LOG] SystemI::createSoundInternal             : exinfo->initialseekpostype = 1
[LOG] SystemI::DSPCodecPoolRegister            : register codec pool for pool type 5
[LOG] SystemI::createSoundInternal             : Sample 0/1: name='kalimba 2.2', format=5, channels=2, frequency=48000, lengthbytes=20128, lengthpcm=77740, pcmblocksize=0, loopstart=0, loopend=0, mode=0x00000000, channelmask=0x00000000, channelorder=0, peakvolume=0.477051.
[LOG] SystemI::createSoundInternal             : Create name='', mode=0x02000202
[LOG] SystemI::createSoundInternal             : exinfo->cbsize             = 224
[LOG] SystemI::createSoundInternal             : exinfo->length             = 1075744
[LOG] SystemI::createSoundInternal             : exinfo->fileoffset         = 18464
[LOG] SystemI::createSoundInternal             : exinfo->numsubsounds       = 1
[LOG] SystemI::createSoundInternal             : exinfo->inclusionlist      = 000000F0DE10F168
[LOG] SystemI::createSoundInternal             : exinfo->inclusionlistnum   = 1
[LOG] SystemI::createSoundInternal             : exinfo->suggestedsoundtype = 5
[LOG] SystemI::createSoundInternal             : exinfo->useropen           = 00007FFC542E33C0
[LOG] SystemI::createSoundInternal             : exinfo->userclose          = 00007FFC542E3380
[LOG] SystemI::createSoundInternal             : exinfo->userread           = 00007FFC542E34A0
[LOG] SystemI::createSoundInternal             : exinfo->userseek           = 00007FFC542E3560
[LOG] SystemI::createSoundInternal             : exinfo->fileuserdata       = 000002E03565DDE8
[LOG] SystemI::createSoundInternal             : exinfo->initialseekpostype = 1
[LOG] SystemI::DSPCodecPoolRegister            : register codec pool for pool type 5
[LOG] SystemI::createSoundInternal             : Sample 0/1: name='xylophone 5', format=5, channels=2, frequency=48000, lengthbytes=15328, lengthpcm=67709, pcmblocksize=0, loopstart=0, loopend=0, mode=0x00000000, channelmask=0x00000000, channelorder=0, peakvolume=0.985382.
[LOG] SystemI::createSoundInternal             : Create name='', mode=0x02000202
[LOG] SystemI::createSoundInternal             : exinfo->cbsize             = 224
[LOG] SystemI::createSoundInternal             : exinfo->length             = 1075744
[LOG] SystemI::createSoundInternal             : exinfo->fileoffset         = 18464
[LOG] SystemI::createSoundInternal             : exinfo->numsubsounds       = 1
[LOG] SystemI::createSoundInternal             : exinfo->inclusionlist      = 000000F0DE10F168
[LOG] SystemI::createSoundInternal             : exinfo->inclusionlistnum   = 1
[LOG] SystemI::createSoundInternal             : exinfo->suggestedsoundtype = 5
[LOG] SystemI::createSoundInternal             : exinfo->useropen           = 00007FFC542E33C0
[LOG] SystemI::createSoundInternal             : exinfo->userclose          = 00007FFC542E3380
[LOG] SystemI::createSoundInternal             : exinfo->userread           = 00007FFC542E34A0
[LOG] SystemI::createSoundInternal             : exinfo->userseek           = 00007FFC542E3560
[LOG] SystemI::createSoundInternal             : exinfo->fileuserdata       = 000002E03565DDE8
[LOG] SystemI::createSoundInternal             : exinfo->initialseekpostype = 1
[LOG] SystemI::DSPCodecPoolRegister            : register codec pool for pool type 5
[LOG] SystemI::createSoundInternal             : Sample 0/1: name='58739__arioke__kalimba-lam11-d4-wipe-soft', format=5, channels=1, frequency=48000, lengthbytes=16800, lengthpcm=104833, pcmblocksize=0, loopstart=0, loopend=0, mode=0x00000000, channelmask=0x00000000, channelorder=0, peakvolume=0.345581.
[LOG] SystemI::createSoundInternal             : Create name='', mode=0x02000202
[LOG] SystemI::createSoundInternal             : exinfo->cbsize             = 224
[LOG] SystemI::createSoundInternal             : exinfo->length             = 1075744
[LOG] SystemI::createSoundInternal             : exinfo->fileoffset         = 18464
[LOG] SystemI::createSoundInternal             : exinfo->numsubsounds       = 1
[LOG] SystemI::createSoundInternal             : exinfo->inclusionlist      = 000000F0DE10F168
[LOG] SystemI::createSoundInternal             : exinfo->inclusionlistnum   = 1
[LOG] SystemI::createSoundInternal             : exinfo->suggestedsoundtype = 5
[LOG] SystemI::createSoundInternal             : exinfo->useropen           = 00007FFC542E33C0
[LOG] SystemI::createSoundInternal             : exinfo->userclose          = 00007FFC542E3380
[LOG] SystemI::createSoundInternal             : exinfo->userread           = 00007FFC542E34A0
[LOG] SystemI::createSoundInternal             : exinfo->userseek           = 00007FFC542E3560
[LOG] SystemI::createSoundInternal             : exinfo->fileuserdata       = 000002E03565DDE8
[LOG] SystemI::createSoundInternal             : exinfo->initialseekpostype = 1
[LOG] SystemI::DSPCodecPoolRegister            : register codec pool for pool type 5
[LOG] SystemI::createSoundInternal             : Sample 0/1: name='kalimba 2.3', format=5, channels=1, frequency=48000, lengthbytes=9600, lengthpcm=62693, pcmblocksize=0, loopstart=0, loopend=0, mode=0x00000000, channelmask=0x00000000, channelorder=0, peakvolume=0.343414.
[LOG] SystemI::createSoundInternal             : Create name='', mode=0x02000202
[LOG] SystemI::createSoundInternal             : exinfo->cbsize             = 224
[LOG] SystemI::createSoundInternal             : exinfo->length             = 1075744
[LOG] SystemI::createSoundInternal             : exinfo->fileoffset         = 18464
[LOG] SystemI::createSoundInternal             : exinfo->numsubsounds       = 1
[LOG] SystemI::createSoundInternal             : exinfo->inclusionlist      = 000000F0DE10F168
[LOG] SystemI::createSoundInternal             : exinfo->inclusionlistnum   = 1
[LOG] SystemI::createSoundInternal             : exinfo->suggestedsoundtype = 5
[LOG] SystemI::createSoundInternal             : exinfo->useropen           = 00007FFC542E33C0
[LOG] SystemI::createSoundInternal             : exinfo->userclose          = 00007FFC542E3380
[LOG] SystemI::createSoundInternal             : exinfo->userread           = 00007FFC542E34A0
[LOG] SystemI::createSoundInternal             : exinfo->userseek           = 00007FFC542E3560
[LOG] SystemI::createSoundInternal             : exinfo->fileuserdata       = 000002E03565DDE8
[LOG] SystemI::createSoundInternal             : exinfo->initialseekpostype = 1
[LOG] SystemI::DSPCodecPoolRegister            : register codec pool for pool type 5
[LOG] SystemI::createSoundInternal             : Sample 0/1: name='424979__deathstardude__bb3-piano-note', format=5, channels=2, frequency=48000, lengthbytes=33984, lengthpcm=150465, pcmblocksize=0, loopstart=0, loopend=0, mode=0x00000000, channelmask=0x00000000, channelorder=0, peakvolume=0.990295.
[LOG] SystemI::createSoundInternal             : Create name='', mode=0x02000202
[LOG] SystemI::createSoundInternal             : exinfo->cbsize             = 224
[LOG] SystemI::createSoundInternal             : exinfo->length             = 1075744
[LOG] SystemI::createSoundInternal             : exinfo->fileoffset         = 18464
[LOG] SystemI::createSoundInternal             : exinfo->numsubsounds       = 1
[LOG] SystemI::createSoundInternal             : exinfo->inclusionlist      = 000000F0DE10F168
[LOG] SystemI::createSoundInternal             : exinfo->inclusionlistnum   = 1
[LOG] SystemI::createSoundInternal             : exinfo->suggestedsoundtype = 5
[LOG] SystemI::createSoundInternal             : exinfo->useropen           = 00007FFC542E33C0
[LOG] SystemI::createSoundInternal             : exinfo->userclose          = 00007FFC542E3380
[LOG] SystemI::createSoundInternal             : exinfo->userread           = 00007FFC542E34A0
[LOG] SystemI::createSoundInternal             : exinfo->userseek           = 00007FFC542E3560
[LOG] SystemI::createSoundInternal             : exinfo->fileuserdata       = 000002E03565DDE8
[LOG] SystemI::createSoundInternal             : exinfo->initialseekpostype = 1
[LOG] SystemI::DSPCodecPoolRegister            : register codec pool for pool type 5
[LOG] SystemI::createSoundInternal             : Sample 0/1: name='ES_Music Box Swan Lake Single Notes - SFX Producer', format=5, channels=1, frequency=48000, lengthbytes=26880, lengthpcm=168192, pcmblocksize=0, loopstart=0, loopend=0, mode=0x00000000, channelmask=0x00000000, channelorder=0, peakvolume=0.283142.
[LOG] SystemI::createSoundInternal             : Create name='', mode=0x02000202
[LOG] SystemI::createSoundInternal             : exinfo->cbsize             = 224
[LOG] SystemI::createSoundInternal             : exinfo->length             = 1075744
[LOG] SystemI::createSoundInternal             : exinfo->fileoffset         = 18464
[LOG] SystemI::createSoundInternal             : exinfo->numsubsounds       = 1
[LOG] SystemI::createSoundInternal             : exinfo->inclusionlist      = 000000F0DE10F168
[LOG] SystemI::createSoundInternal             : exinfo->inclusionlistnum   = 1
[LOG] SystemI::createSoundInternal             : exinfo->suggestedsoundtype = 5
[LOG] SystemI::createSoundInternal             : exinfo->useropen           = 00007FFC542E33C0
[LOG] SystemI::createSoundInternal             : exinfo->userclose          = 00007FFC542E3380
[LOG] SystemI::createSoundInternal             : exinfo->userread           = 00007FFC542E34A0
[LOG] SystemI::createSoundInternal             : exinfo->userseek           = 00007FFC542E3560
[LOG] SystemI::createSoundInternal             : exinfo->fileuserdata       = 000002E03565DDE8
[LOG] SystemI::createSoundInternal             : exinfo->initialseekpostype = 1
[LOG] SystemI::DSPCodecPoolRegister            : register codec pool for pool type 5
[LOG] SystemI::createSoundInternal             : Sample 0/1: name='kalimba note 2', format=5, channels=1, frequency=48000, lengthbytes=25984, lengthpcm=155520, pcmblocksize=0, loopstart=0, loopend=0, mode=0x00000000, channelmask=0x00000000, channelorder=0, peakvolume=0.888000.
[LOG] SystemI::createSoundInternal             : Create name='', mode=0x02000202
[LOG] SystemI::createSoundInternal             : exinfo->cbsize             = 224
[LOG] SystemI::createSoundInternal             : exinfo->length             = 1075744
[LOG] SystemI::createSoundInternal             : exinfo->fileoffset         = 18464
[LOG] SystemI::createSoundInternal             : exinfo->numsubsounds       = 1
[LOG] SystemI::createSoundInternal             : exinfo->inclusionlist      = 000000F0DE10F168
[LOG] SystemI::createSoundInternal             : exinfo->inclusionlistnum   = 1
[LOG] SystemI::createSoundInternal             : exinfo->suggestedsoundtype = 5
[LOG] SystemI::createSoundInternal             : exinfo->useropen           = 00007FFC542E33C0
[LOG] SystemI::createSoundInternal             : exinfo->userclose          = 00007FFC542E3380
[LOG] SystemI::createSoundInternal             : exinfo->userread           = 00007FFC542E34A0
[LOG] SystemI::createSoundInternal             : exinfo->userseek           = 00007FFC542E3560
[LOG] SystemI::createSoundInternal             : exinfo->fileuserdata       = 000002E03565DDE8
[LOG] SystemI::createSoundInternal             : exinfo->initialseekpostype = 1
[LOG] SystemI::DSPCodecPoolRegister            : register codec pool for pool type 5
[LOG] SystemI::createSoundInternal             : Sample 0/1: name='ES_Music Box Swan Lake Single Notes 25 - SFX Producer', format=5, channels=1, frequency=48000, lengthbytes=27488, lengthpcm=171648, pcmblocksize=0, loopstart=0, loopend=0, mode=0x00000000, channelmask=0x00000000, channelorder=0, peakvolume=0.859375.
[LOG] SystemI::createSoundInternal             : Create name='', mode=0x02000202
[LOG] SystemI::createSoundInternal             : exinfo->cbsize             = 224
[LOG] SystemI::createSoundInternal             : exinfo->length             = 1075744
[LOG] SystemI::createSoundInternal             : exinfo->fileoffset         = 18464
[LOG] SystemI::createSoundInternal             : exinfo->numsubsounds       = 1
[LOG] SystemI::createSoundInternal             : exinfo->inclusionlist      = 000000F0DE10F168
[LOG] SystemI::createSoundInternal             : exinfo->inclusionlistnum   = 1
[LOG] SystemI::createSoundInternal             : exinfo->suggestedsoundtype = 5
[LOG] SystemI::createSoundInternal             : exinfo->useropen           = 00007FFC542E33C0
[LOG] SystemI::createSoundInternal             : exinfo->userclose          = 00007FFC542E3380
[LOG] SystemI::createSoundInternal             : exinfo->userread           = 00007FFC542E34A0
[LOG] SystemI::createSoundInternal             : exinfo->userseek           = 00007FFC542E3560
[LOG] SystemI::createSoundInternal             : exinfo->fileuserdata       = 000002E03565DDE8
[LOG] SystemI::createSoundInternal             : exinfo->initialseekpostype = 1
[LOG] SystemI::DSPCodecPoolRegister            : register codec pool for pool type 5
[LOG] SystemI::createSoundInternal             : Sample 0/1: name='36280__johnnypanic__plucked1', format=5, channels=1, frequency=48000, lengthbytes=8448, lengthpcm=47088, pcmblocksize=0, loopstart=0, loopend=0, mode=0x00000000, channelmask=0x00000000, channelorder=0, peakvolume=0.409424.
[LOG] SystemI::createSoundInternal             : Create name='', mode=0x02000202
[LOG] SystemI::createSoundInternal             : exinfo->cbsize             = 224
[LOG] SystemI::createSoundInternal             : exinfo->length             = 1075744
[LOG] SystemI::createSoundInternal             : exinfo->fileoffset         = 18464
[LOG] SystemI::createSoundInternal             : exinfo->numsubsounds       = 1
[LOG] SystemI::createSoundInternal             : exinfo->inclusionlist      = 000000F0DE10F168
[LOG] SystemI::createSoundInternal             : exinfo->inclusionlistnum   = 1
[LOG] SystemI::createSoundInternal             : exinfo->suggestedsoundtype = 5
[LOG] SystemI::createSoundInternal             : exinfo->useropen           = 00007FFC542E33C0
[LOG] SystemI::createSoundInternal             : exinfo->userclose          = 00007FFC542E3380
[LOG] SystemI::createSoundInternal             : exinfo->userread           = 00007FFC542E34A0
[LOG] SystemI::createSoundInternal             : exinfo->userseek           = 00007FFC542E3560
[LOG] SystemI::createSoundInternal             : exinfo->fileuserdata       = 000002E03565DDE8
[LOG] SystemI::createSoundInternal             : exinfo->initialseekpostype = 1
[LOG] SystemI::DSPCodecPoolRegister            : register codec pool for pool type 5
[LOG] SystemI::createSoundInternal             : Sample 0/1: name='xylophone 6', format=5, channels=2, frequency=48000, lengthbytes=13760, lengthpcm=58932, pcmblocksize=0, loopstart=0, loopend=0, mode=0x00000000, channelmask=0x00000000, channelorder=0, peakvolume=0.954102.
[LOG] SystemI::createSoundInternal             : Create name='', mode=0x02000202
[LOG] SystemI::createSoundInternal             : exinfo->cbsize             = 224
[LOG] SystemI::createSoundInternal             : exinfo->length             = 1075744
[LOG] SystemI::createSoundInternal             : exinfo->fileoffset         = 18464
[LOG] SystemI::createSoundInternal             : exinfo->numsubsounds       = 1
[LOG] SystemI::createSoundInternal             : exinfo->inclusionlist      = 000000F0DE10F168
[LOG] SystemI::createSoundInternal             : exinfo->inclusionlistnum   = 1
[LOG] SystemI::createSoundInternal             : exinfo->suggestedsoundtype = 5
[LOG] SystemI::createSoundInternal             : exinfo->useropen           = 00007FFC542E33C0
[LOG] SystemI::createSoundInternal             : exinfo->userclose          = 00007FFC542E3380
[LOG] SystemI::createSoundInternal             : exinfo->userread           = 00007FFC542E34A0
[LOG] SystemI::createSoundInternal             : exinfo->userseek           = 00007FFC542E3560
[LOG] SystemI::createSoundInternal             : exinfo->fileuserdata       = 000002E03565DDE8
[LOG] SystemI::createSoundInternal             : exinfo->initialseekpostype = 1
[LOG] SystemI::DSPCodecPoolRegister            : register codec pool for pool type 5
[LOG] SystemI::createSoundInternal             : Sample 0/1: name='single-piano-note-2', format=5, channels=1, frequency=48000, lengthbytes=13760, lengthpcm=95616, pcmblocksize=0, loopstart=0, loopend=0, mode=0x00000000, channelmask=0x00000000, channelorder=0, peakvolume=0.110748.
[LOG] SystemI::createSoundInternal             : Create name='', mode=0x02000202
[LOG] SystemI::createSoundInternal             : exinfo->cbsize             = 224
[LOG] SystemI::createSoundInternal             : exinfo->length             = 1075744
[LOG] SystemI::createSoundInternal             : exinfo->fileoffset         = 18464
[LOG] SystemI::createSoundInternal             : exinfo->numsubsounds       = 1
[LOG] SystemI::createSoundInternal             : exinfo->inclusionlist      = 000000F0DE10F168
[LOG] SystemI::createSoundInternal             : exinfo->inclusionlistnum   = 1
[LOG] SystemI::createSoundInternal             : exinfo->suggestedsoundtype = 5
[LOG] SystemI::createSoundInternal             : exinfo->useropen           = 00007FFC542E33C0
[LOG] SystemI::createSoundInternal             : exinfo->userclose          = 00007FFC542E3380
[LOG] SystemI::createSoundInternal             : exinfo->userread           = 00007FFC542E34A0
[LOG] SystemI::createSoundInternal             : exinfo->userseek           = 00007FFC542E3560
[LOG] SystemI::createSoundInternal             : exinfo->fileuserdata       = 000002E03565DDE8
[LOG] SystemI::createSoundInternal             : exinfo->initialseekpostype = 1
[LOG] SystemI::DSPCodecPoolRegister            : register codec pool for pool type 5
[LOG] SystemI::createSoundInternal             : Sample 0/1: name='flute note 6', format=5, channels=1, frequency=48000, lengthbytes=3776, lengthpcm=25077, pcmblocksize=0, loopstart=0, loopend=0, mode=0x00000000, channelmask=0x00000000, channelorder=0, peakvolume=0.085419.
[LOG] SystemI::createSoundInternal             : Create name='', mode=0x02000202
[LOG] SystemI::createSoundInternal             : exinfo->cbsize             = 224
[LOG] SystemI::createSoundInternal             : exinfo->length             = 1075744
[LOG] SystemI::createSoundInternal             : exinfo->fileoffset         = 18464
[LOG] SystemI::createSoundInternal             : exinfo->numsubsounds       = 1
[LOG] SystemI::createSoundInternal             : exinfo->inclusionlist      = 000000F0DE10F168
[LOG] SystemI::createSoundInternal             : exinfo->inclusionlistnum   = 1
[LOG] SystemI::createSoundInternal             : exinfo->suggestedsoundtype = 5
[LOG] SystemI::createSoundInternal             : exinfo->useropen           = 00007FFC542E33C0
[LOG] SystemI::createSoundInternal             : exinfo->userclose          = 00007FFC542E3380
[LOG] SystemI::createSoundInternal             : exinfo->userread           = 00007FFC542E34A0
[LOG] SystemI::createSoundInternal             : exinfo->userseek           = 00007FFC542E3560
[LOG] SystemI::createSoundInternal             : exinfo->fileuserdata       = 000002E03565DDE8
[LOG] SystemI::createSoundInternal             : exinfo->initialseekpostype = 1
[LOG] SystemI::DSPCodecPoolRegister            : register codec pool for pool type 5
[LOG] SystemI::createSoundInternal             : Sample 0/1: name='ES_Music Box Swan Lake Single Notes 30 - SFX Producer', format=5, channels=1, frequency=48000, lengthbytes=32256, lengthpcm=208512, pcmblocksize=0, loopstart=0, loopend=0, mode=0x00000000, channelmask=0x00000000, channelorder=0, peakvolume=0.982513.
[LOG] SystemI::createSoundInternal             : Create name='', mode=0x02000202
[LOG] SystemI::createSoundInternal             : exinfo->cbsize             = 224
[LOG] SystemI::createSoundInternal             : exinfo->length             = 1075744
[LOG] SystemI::createSoundInternal             : exinfo->fileoffset         = 18464
[LOG] SystemI::createSoundInternal             : exinfo->numsubsounds       = 1
[LOG] SystemI::createSoundInternal             : exinfo->inclusionlist      = 000000F0DE10F168
[LOG] SystemI::createSoundInternal             : exinfo->inclusionlistnum   = 1
[LOG] SystemI::createSoundInternal             : exinfo->suggestedsoundtype = 5
[LOG] SystemI::createSoundInternal             : exinfo->useropen           = 00007FFC542E33C0
[LOG] SystemI::createSoundInternal             : exinfo->userclose          = 00007FFC542E3380
[LOG] SystemI::createSoundInternal             : exinfo->userread           = 00007FFC542E34A0
[LOG] SystemI::createSoundInternal             : exinfo->userseek           = 00007FFC542E3560
[LOG] SystemI::createSoundInternal             : exinfo->fileuserdata       = 000002E03565DDE8
[LOG] SystemI::createSoundInternal             : exinfo->initialseekpostype = 1
[LOG] SystemI::DSPCodecPoolRegister            : register codec pool for pool type 5
[LOG] SystemI::createSoundInternal             : Sample 0/1: name='flute note 1', format=5, channels=1, frequency=48000, lengthbytes=6656, lengthpcm=43885, pcmblocksize=0, loopstart=0, loopend=0, mode=0x00000000, channelmask=0x00000000, channelorder=0, peakvolume=0.157867.
[LOG] SystemI::createSoundInternal             : Create name='', mode=0x02000202
[LOG] SystemI::createSoundInternal             : exinfo->cbsize             = 224
[LOG] SystemI::createSoundInternal             : exinfo->length             = 1075744
[LOG] SystemI::createSoundInternal             : exinfo->fileoffset         = 18464
[LOG] SystemI::createSoundInternal             : exinfo->numsubsounds       = 1
[LOG] SystemI::createSoundInternal             : exinfo->inclusionlist      = 000000F0DE10F168
[LOG] SystemI::createSoundInternal             : exinfo->inclusionlistnum   = 1
[LOG] SystemI::createSoundInternal             : exinfo->suggestedsoundtype = 5
[LOG] SystemI::createSoundInternal             : exinfo->useropen           = 00007FFC542E33C0
[LOG] SystemI::createSoundInternal             : exinfo->userclose          = 00007FFC542E3380
[LOG] SystemI::createSoundInternal             : exinfo->userread           = 00007FFC542E34A0
[LOG] SystemI::createSoundInternal             : exinfo->userseek           = 00007FFC542E3560
[LOG] SystemI::createSoundInternal             : exinfo->fileuserdata       = 000002E03565DDE8
[LOG] SystemI::createSoundInternal             : exinfo->initialseekpostype = 1
[LOG] SystemI::DSPCodecPoolRegister            : register codec pool for pool type 5
[LOG] SystemI::createSoundInternal             : Sample 0/1: name='kalimba 2.1', format=5, channels=2, frequency=48000, lengthbytes=14048, lengthpcm=56424, pcmblocksize=0, loopstart=0, loopend=0, mode=0x00000000, channelmask=0x00000000, channelorder=0, peakvolume=0.471161.
[LOG] SystemI::createSoundInternal             : Create name='', mode=0x02000202
[LOG] SystemI::createSoundInternal             : exinfo->cbsize             = 224
[LOG] SystemI::createSoundInternal             : exinfo->length             = 1075744
[LOG] SystemI::createSoundInternal             : exinfo->fileoffset         = 18464
[LOG] SystemI::createSoundInternal             : exinfo->numsubsounds       = 1
[LOG] SystemI::createSoundInternal             : exinfo->inclusionlist      = 000000F0DE10F168
[LOG] SystemI::createSoundInternal             : exinfo->inclusionlistnum   = 1
[LOG] SystemI::createSoundInternal             : exinfo->suggestedsoundtype = 5
[LOG] SystemI::createSoundInternal             : exinfo->useropen           = 00007FFC542E33C0
[LOG] SystemI::createSoundInternal             : exinfo->userclose          = 00007FFC542E3380
[LOG] SystemI::createSoundInternal             : exinfo->userread           = 00007FFC542E34A0
[LOG] SystemI::createSoundInternal             : exinfo->userseek           = 00007FFC542E3560
[LOG] SystemI::createSoundInternal             : exinfo->fileuserdata       = 000002E03565DDE8
[LOG] SystemI::createSoundInternal             : exinfo->initialseekpostype = 1
[LOG] SystemI::DSPCodecPoolRegister            : register codec pool for pool type 5
[LOG] SystemI::createSoundInternal             : Sample 0/1: name='xylophone 1', format=5, channels=2, frequency=48000, lengthbytes=18240, lengthpcm=76486, pcmblocksize=0, loopstart=0, loopend=0, mode=0x00000000, channelmask=0x00000000, channelorder=0, peakvolume=0.983368.
[LOG] SystemI::createSoundInternal             : Create name='', mode=0x02000202
[LOG] SystemI::createSoundInternal             : exinfo->cbsize             = 224
[LOG] SystemI::createSoundInternal             : exinfo->length             = 1075744
[LOG] SystemI::createSoundInternal             : exinfo->fileoffset         = 18464
[LOG] SystemI::createSoundInternal             : exinfo->numsubsounds       = 1
[LOG] SystemI::createSoundInternal             : exinfo->inclusionlist      = 000000F0DE10F168
[LOG] SystemI::createSoundInternal             : exinfo->inclusionlistnum   = 1
[LOG] SystemI::createSoundInternal             : exinfo->suggestedsoundtype = 5
[LOG] SystemI::createSoundInternal             : exinfo->useropen           = 00007FFC542E33C0
[LOG] SystemI::createSoundInternal             : exinfo->userclose          = 00007FFC542E3380
[LOG] SystemI::createSoundInternal             : exinfo->userread           = 00007FFC542E34A0
[LOG] SystemI::createSoundInternal             : exinfo->userseek           = 00007FFC542E3560
[LOG] SystemI::createSoundInternal             : exinfo->fileuserdata       = 000002E03565DDE8
[LOG] SystemI::createSoundInternal             : exinfo->initialseekpostype = 1
[LOG] SystemI::DSPCodecPoolRegister            : register codec pool for pool type 5
[LOG] SystemI::createSoundInternal             : Sample 0/1: name='flute note 4', format=5, channels=1, frequency=48000, lengthbytes=3936, lengthpcm=26331, pcmblocksize=0, loopstart=0, loopend=0, mode=0x00000000, channelmask=0x00000000, channelorder=0, peakvolume=0.095001.
[LOG] SystemI::createSoundInternal             : Create name='', mode=0x02000202
[LOG] SystemI::createSoundInternal             : exinfo->cbsize             = 224
[LOG] SystemI::createSoundInternal             : exinfo->length             = 1075744
[LOG] SystemI::createSoundInternal             : exinfo->fileoffset         = 18464
[LOG] SystemI::createSoundInternal             : exinfo->numsubsounds       = 1
[LOG] SystemI::createSoundInternal             : exinfo->inclusionlist      = 000000F0DE10F168
[LOG] SystemI::createSoundInternal             : exinfo->inclusionlistnum   = 1
[LOG] SystemI::createSoundInternal             : exinfo->suggestedsoundtype = 5
[LOG] SystemI::createSoundInternal             : exinfo->useropen           = 00007FFC542E33C0
[LOG] SystemI::createSoundInternal             : exinfo->userclose          = 00007FFC542E3380
[LOG] SystemI::createSoundInternal             : exinfo->userread           = 00007FFC542E34A0
[LOG] SystemI::createSoundInternal             : exinfo->userseek           = 00007FFC542E3560
[LOG] SystemI::createSoundInternal             : exinfo->fileuserdata       = 000002E03565DDE8
[LOG] SystemI::createSoundInternal             : exinfo->initialseekpostype = 1
[LOG] SystemI::DSPCodecPoolRegister            : register codec pool for pool type 5
[LOG] SystemI::createSoundInternal             : Sample 0/1: name='331339__maurolupo__2-notes-octave-guitar', format=5, channels=2, frequency=48000, lengthbytes=30784, lengthpcm=153750, pcmblocksize=0, loopstart=0, loopend=0, mode=0x00000000, channelmask=0x00000000, channelorder=0, peakvolume=0.404674.
[LOG] SystemI::createSoundInternal             : Create name='', mode=0x02000202
[LOG] SystemI::createSoundInternal             : exinfo->cbsize             = 224
[LOG] SystemI::createSoundInternal             : exinfo->length             = 1075744
[LOG] SystemI::createSoundInternal             : exinfo->fileoffset         = 18464
[LOG] SystemI::createSoundInternal             : exinfo->numsubsounds       = 1
[LOG] SystemI::createSoundInternal             : exinfo->inclusionlist      = 000000F0DE10F168
[LOG] SystemI::createSoundInternal             : exinfo->inclusionlistnum   = 1
[LOG] SystemI::createSoundInternal             : exinfo->suggestedsoundtype = 5
[LOG] SystemI::createSoundInternal             : exinfo->useropen           = 00007FFC542E33C0
[LOG] SystemI::createSoundInternal             : exinfo->userclose          = 00007FFC542E3380
[LOG] SystemI::createSoundInternal             : exinfo->userread           = 00007FFC542E34A0
[LOG] SystemI::createSoundInternal             : exinfo->userseek           = 00007FFC542E3560
[LOG] SystemI::createSoundInternal             : exinfo->fileuserdata       = 000002E03565DDE8
[LOG] SystemI::createSoundInternal             : exinfo->initialseekpostype = 1
[LOG] SystemI::DSPCodecPoolRegister            : register codec pool for pool type 5
[LOG] SystemI::createSoundInternal             : Sample 0/1: name='flute note 2', format=5, channels=1, frequency=48000, lengthbytes=3744, lengthpcm=25077, pcmblocksize=0, loopstart=0, loopend=0, mode=0x00000000, channelmask=0x00000000, channelorder=0, peakvolume=0.187958.
[LOG] SystemI::createSoundInternal             : Create name='', mode=0x02000202
[LOG] SystemI::createSoundInternal             : exinfo->cbsize             = 224
[LOG] SystemI::createSoundInternal             : exinfo->length             = 1075744
[LOG] SystemI::createSoundInternal             : exinfo->fileoffset         = 18464
[LOG] SystemI::createSoundInternal             : exinfo->numsubsounds       = 1
[LOG] SystemI::createSoundInternal             : exinfo->inclusionlist      = 000000F0DE10F168
[LOG] SystemI::createSoundInternal             : exinfo->inclusionlistnum   = 1
[LOG] SystemI::createSoundInternal             : exinfo->suggestedsoundtype = 5
[LOG] SystemI::createSoundInternal             : exinfo->useropen           = 00007FFC542E33C0
[LOG] SystemI::createSoundInternal             : exinfo->userclose          = 00007FFC542E3380
[LOG] SystemI::createSoundInternal             : exinfo->userread           = 00007FFC542E34A0
[LOG] SystemI::createSoundInternal             : exinfo->userseek           = 00007FFC542E3560
[LOG] SystemI::createSoundInternal             : exinfo->fileuserdata       = 000002E03565DDE8
[LOG] SystemI::createSoundInternal             : exinfo->initialseekpostype = 1
[LOG] SystemI::DSPCodecPoolRegister            : register codec pool for pool type 5
[LOG] SystemI::createSoundInternal             : Sample 0/1: name='ES_Music Box Swan Lake Single Notes 32 - SFX Producer', format=5, channels=1, frequency=48000, lengthbytes=23008, lengthpcm=146304, pcmblocksize=0, loopstart=0, loopend=0, mode=0x00000000, channelmask=0x00000000, channelorder=0, peakvolume=0.685120.
[LOG] SystemI::createSoundInternal             : Create name='', mode=0x02000202
[LOG] SystemI::createSoundInternal             : exinfo->cbsize             = 224
[LOG] SystemI::createSoundInternal             : exinfo->length             = 1075744
[LOG] SystemI::createSoundInternal             : exinfo->fileoffset         = 18464
[LOG] SystemI::createSoundInternal             : exinfo->numsubsounds       = 1
[LOG] SystemI::createSoundInternal             : exinfo->inclusionlist      = 000000F0DE10F168
[LOG] SystemI::createSoundInternal             : exinfo->inclusionlistnum   = 1
[LOG] SystemI::createSoundInternal             : exinfo->suggestedsoundtype = 5
[LOG] SystemI::createSoundInternal             : exinfo->useropen           = 00007FFC542E33C0
[LOG] SystemI::createSoundInternal             : exinfo->userclose          = 00007FFC542E3380
[LOG] SystemI::createSoundInternal             : exinfo->userread           = 00007FFC542E34A0
[LOG] SystemI::createSoundInternal             : exinfo->userseek           = 00007FFC542E3560
[LOG] SystemI::createSoundInternal             : exinfo->fileuserdata       = 000002E03565DDE8
[LOG] SystemI::createSoundInternal             : exinfo->initialseekpostype = 1
[LOG] SystemI::DSPCodecPoolRegister            : register codec pool for pool type 5
[LOG] SystemI::createSoundInternal             : Sample 0/1: name='ES_Chime Bell Muted 3 - SFX Producer', format=5, channels=2, frequency=48000, lengthbytes=7168, lengthpcm=43776, pcmblocksize=0, loopstart=0, loopend=0, mode=0x00000000, channelmask=0x00000000, channelorder=0, peakvolume=0.908173.
[LOG] SoundI::release                          : BG_The Trick (Instrumental Version) - Sleepaway Camp (000002E260492998)
[LOG] SoundI::release                          :     BG_The Trick (Instrumental Version) - Sleepaway Camp (000002E2AA9AA988)
[LOG] SoundI::release                          :     BG_The Trick (Instrumental Version) - Sleepaway Camp (000002E3747E4B08)
[LOG] SystemI::createSound                     : filename = Assets/FMOD/fmodstudio/Build/Desktop/Master.bank : mode 02010082
[LOG] SystemI::createSound                     : FMOD_NONBLOCKING specified.  Putting into queue to be opened asynchronously!
[LOG] SystemI::createSound                     : setdata soundi = 000002E2604922D8 : node = 000002E262FC1240
[LOG] SystemI::createSound                     : add node to async list : head = 000002E2AC1DD368.  list count = 0
[LOG] SystemI::createSound                     : filename = Assets/FMOD/fmodstudio/Build/Desktop/Master.bank : mode 02010082
[LOG] SystemI::createSound                     : FMOD_NONBLOCKING specified.  Putting into queue to be opened asynchronously!
[LOG] SystemI::createSound                     : setdata soundi = 000002E260492638 : node = 000002E262FC14C0
[LOG] SystemI::createSound                     : add node to async list : head = 000002E2AC1DD368.  list count = 1
[LOG] SystemI::createSound                     : filename = Assets/FMOD/fmodstudio/Build/Desktop/Master.bank : mode 02010082
[LOG] SystemI::createSound                     : FMOD_NONBLOCKING specified.  Putting into queue to be opened asynchronously!
[LOG] SystemI::createSound                     : setdata soundi = 000002E260492998 : node = 000002E0327CEB70
[LOG] SystemI::createSound                     : add node to async list : head = 000002E2AC1DD368.  list count = 2
[LOG] AsyncThread::threadFunc                  : Starting Asynchronous operation on sound 000002E2604922D8
[LOG] SystemI::createSoundInternal             :     Create name='Assets/FMOD/fmodstudio/Build/Desktop/Master.bank', mode=0x02010082
[LOG] SystemI::createSoundInternal             :     exinfo->cbsize             = 224
[LOG] SystemI::createSoundInternal             :     exinfo->length             = 7036800
[LOG] SystemI::createSoundInternal             :     exinfo->fileoffset         = 7584
[LOG] SystemI::createSoundInternal             :     exinfo->numsubsounds       = 1
[LOG] SystemI::createSoundInternal             :     exinfo->inclusionlist      = 000002E262FC1350
[LOG] SystemI::createSoundInternal             :     exinfo->inclusionlistnum   = 1
[LOG] SystemI::createSoundInternal             :     exinfo->suggestedsoundtype = 5
[LOG] SystemI::createSoundInternal             :     exinfo->initialseekpostype = 1
[LOG] SystemI::createSoundInternal             :     Stream 0/1: name='Elan STEMS INSTRUMENTS', format=5, channels=2, frequency=48000, lengthbytes=1902080, lengthpcm=7835904, pcmblocksize=0, loopstart=0, loopend=0, mode=0x00000000, channelmask=0x00000000, channelorder=0, peakvolume=0.989929.
[LOG] AsyncThread::threadFunc                  : Finished Asynchronous operation on sound 000002E2604922D8
[LOG] AsyncThread::threadFunc                  : Starting Asynchronous operation on sound 000002E260492638
[LOG] SystemI::createSoundInternal             :     Create name='Assets/FMOD/fmodstudio/Build/Desktop/Master.bank', mode=0x02010082
[LOG] SystemI::createSoundInternal             :     exinfo->cbsize             = 224
[LOG] SystemI::createSoundInternal             :     exinfo->length             = 7036800
[LOG] SystemI::createSoundInternal             :     exinfo->fileoffset         = 7584
[LOG] SystemI::createSoundInternal             :     exinfo->numsubsounds       = 1
[LOG] SystemI::createSoundInternal             :     exinfo->inclusionlist      = 000002E262FC15D0
[LOG] SystemI::createSoundInternal             :     exinfo->inclusionlistnum   = 1
[LOG] SystemI::createSoundInternal             :     exinfo->suggestedsoundtype = 5
[LOG] SystemI::createSoundInternal             :     exinfo->initialseekpostype = 1
[LOG] SystemI::createSoundInternal             :     Stream 0/1: name='Elan STEMS MELODY', format=5, channels=2, frequency=48000, lengthbytes=1826688, lengthpcm=7835904, pcmblocksize=0, loopstart=0, loopend=0, mode=0x00000000, channelmask=0x00000000, channelorder=0, peakvolume=0.989258.
[LOG] AsyncThread::threadFunc                  : Finished Asynchronous operation on sound 000002E260492638
[LOG] AsyncThread::threadFunc                  : Starting Asynchronous operation on sound 000002E260492998
[LOG] SystemI::createSoundInternal             :     Create name='Assets/FMOD/fmodstudio/Build/Desktop/Master.bank', mode=0x02010082
[LOG] SystemI::createSoundInternal             :     exinfo->cbsize             = 224
[LOG] SystemI::createSoundInternal             :     exinfo->length             = 7036800
[LOG] SystemI::createSoundInternal             :     exinfo->fileoffset         = 7584
[LOG] SystemI::createSoundInternal             :     exinfo->numsubsounds       = 1
[LOG] SystemI::createSoundInternal             :     exinfo->inclusionlist      = 000002E0327CEC80
[LOG] SystemI::createSoundInternal             :     exinfo->inclusionlistnum   = 1
[LOG] SystemI::createSoundInternal             :     exinfo->suggestedsoundtype = 5
[LOG] SystemI::createSoundInternal             :     exinfo->initialseekpostype = 1
[LOG] SystemI::createSoundInternal             :     Stream 0/1: name='Elan STEMS BASS', format=5, channels=2, frequency=48000, lengthbytes=1425312, lengthpcm=7835904, pcmblocksize=0, loopstart=0, loopend=0, mode=0x00000000, channelmask=0x00000000, channelorder=0, peakvolume=0.988403.
[LOG] AsyncThread::threadFunc                  : Finished Asynchronous operation on sound 000002E260492998
[LOG] SoundI::release                          : BG_Days of Healing - Franz Gordon(home departure) (000002E260492488)
[LOG] SoundI::release                          :     BG_Days of Healing - Franz Gordon(home departure) (000002E0299A43A8)
[LOG] SoundI::release                          :     BG_Days of Healing - Franz Gordon(home departure) (000002E033B7C348)
[LOG] SystemI::createSoundInternal             : Create name='', mode=0x02000202
[LOG] SystemI::createSoundInternal             : exinfo->cbsize             = 224
[LOG] SystemI::createSoundInternal             : exinfo->length             = 1075744
[LOG] SystemI::createSoundInternal             : exinfo->fileoffset         = 18464
[LOG] SystemI::createSoundInternal             : exinfo->numsubsounds       = 1
[LOG] SystemI::createSoundInternal             : exinfo->inclusionlist      = 000000F0DE10F168
[LOG] SystemI::createSoundInternal             : exinfo->inclusionlistnum   = 1
[LOG] SystemI::createSoundInternal             : exinfo->suggestedsoundtype = 5
[LOG] SystemI::createSoundInternal             : exinfo->useropen           = 00007FFC542E33C0
[LOG] SystemI::createSoundInternal             : exinfo->userclose          = 00007FFC542E3380
[LOG] SystemI::createSoundInternal             : exinfo->userread           = 00007FFC542E34A0
[LOG] SystemI::createSoundInternal             : exinfo->userseek           = 00007FFC542E3560
[LOG] SystemI::createSoundInternal             : exinfo->fileuserdata       = 000002E03565DDE8
[LOG] SystemI::createSoundInternal             : exinfo->initialseekpostype = 1
[LOG] SystemI::DSPCodecPoolRegister            : register codec pool for pool type 5
[LOG] SystemI::createSoundInternal             : Sample 0/1: name='Music_Piano Ascend 4 - SFX Producer', format=5, channels=2, frequency=48000, lengthbytes=84000, lengthpcm=375552, pcmblocksize=0, loopstart=0, loopend=0, mode=0x00000000, channelmask=0x00000000, channelorder=0, peakvolume=0.444885.
[LOG] SystemI::createSoundInternal             : Create name='', mode=0x02000202
[LOG] SystemI::createSoundInternal             : exinfo->cbsize             = 224
[LOG] SystemI::createSoundInternal             : exinfo->length             = 1075744
[LOG] SystemI::createSoundInternal             : exinfo->fileoffset         = 18464
[LOG] SystemI::createSoundInternal             : exinfo->numsubsounds       = 1
[LOG] SystemI::createSoundInternal             : exinfo->inclusionlist      = 000000F0DE10F168
[LOG] SystemI::createSoundInternal             : exinfo->inclusionlistnum   = 1
[LOG] SystemI::createSoundInternal             : exinfo->suggestedsoundtype = 5
[LOG] SystemI::createSoundInternal             : exinfo->useropen           = 00007FFC542E33C0
[LOG] SystemI::createSoundInternal             : exinfo->userclose          = 00007FFC542E3380
[LOG] SystemI::createSoundInternal             : exinfo->userread           = 00007FFC542E34A0
[LOG] SystemI::createSoundInternal             : exinfo->userseek           = 00007FFC542E3560
[LOG] SystemI::createSoundInternal             : exinfo->fileuserdata       = 000002E03565DDE8
[LOG] SystemI::createSoundInternal             : exinfo->initialseekpostype = 1
[LOG] SystemI::DSPCodecPoolRegister            : register codec pool for pool type 5
[LOG] SystemI::createSoundInternal             : Sample 0/1: name='Music_Piano Arpeggio 10 - SFX Producer', format=5, channels=2, frequency=48000, lengthbytes=102048, lengthpcm=418176, pcmblocksize=0, loopstart=0, loopend=0, mode=0x00000000, channelmask=0x00000000, channelorder=0, peakvolume=0.444824.
[LOG] SystemI::createSoundInternal             : Create name='', mode=0x02000202
[LOG] SystemI::createSoundInternal             : exinfo->cbsize             = 224
[LOG] SystemI::createSoundInternal             : exinfo->length             = 1075744
[LOG] SystemI::createSoundInternal             : exinfo->fileoffset         = 18464
[LOG] SystemI::createSoundInternal             : exinfo->numsubsounds       = 1
[LOG] SystemI::createSoundInternal             : exinfo->inclusionlist      = 000000F0DE10F168
[LOG] SystemI::createSoundInternal             : exinfo->inclusionlistnum   = 1
[LOG] SystemI::createSoundInternal             : exinfo->suggestedsoundtype = 5
[LOG] SystemI::createSoundInternal             : exinfo->useropen           = 00007FFC542E33C0
[LOG] SystemI::createSoundInternal             : exinfo->userclose          = 00007FFC542E3380
[LOG] SystemI::createSoundInternal             : exinfo->userread           = 00007FFC542E34A0
[LOG] SystemI::createSoundInternal             : exinfo->userseek           = 00007FFC542E3560
[LOG] SystemI::createSoundInternal             : exinfo->fileuserdata       = 000002E03565DDE8
[LOG] SystemI::createSoundInternal             : exinfo->initialseekpostype = 1
[LOG] SystemI::DSPCodecPoolRegister            : register codec pool for pool type 5
[LOG] SystemI::createSoundInternal             : Sample 0/1: name='Music_Piano Arpeggio 9 - SFX Producer', format=5, channels=2, frequency=48000, lengthbytes=101920, lengthpcm=412416, pcmblocksize=0, loopstart=0, loopend=0, mode=0x00000000, channelmask=0x00000000, channelorder=0, peakvolume=0.444427.
[LOG] SoundI::release                          :  (000002E3B64D9F68)
[LOG] SoundI::release                          :     Music_Piano Arpeggio 10 - SFX Producer (000002E3C3F88038)
[LOG] SystemI::createSoundInternal             : Create name='', mode=0x02000202
[LOG] SystemI::createSoundInternal             : exinfo->cbsize             = 224
[LOG] SystemI::createSoundInternal             : exinfo->length             = 1075744
[LOG] SystemI::createSoundInternal             : exinfo->fileoffset         = 18464
[LOG] SystemI::createSoundInternal             : exinfo->numsubsounds       = 1
[LOG] SystemI::createSoundInternal             : exinfo->inclusionlist      = 000000F0DE10F168
[LOG] SystemI::createSoundInternal             : exinfo->inclusionlistnum   = 1
[LOG] SystemI::createSoundInternal             : exinfo->suggestedsoundtype = 5
[LOG] SystemI::createSoundInternal             : exinfo->useropen           = 00007FFC542E33C0
[LOG] SystemI::createSoundInternal             : exinfo->userclose          = 00007FFC542E3380
[LOG] SystemI::createSoundInternal             : exinfo->userread           = 00007FFC542E34A0
[LOG] SystemI::createSoundInternal             : exinfo->userseek           = 00007FFC542E3560
[LOG] SystemI::createSoundInternal             : exinfo->fileuserdata       = 000002E031BAC618
[LOG] SystemI::createSoundInternal             : exinfo->initialseekpostype = 1
[LOG] SystemI::DSPCodecPoolRegister            : register codec pool for pool type 5
[LOG] SystemI::createSoundInternal             : Sample 0/1: name='Music_Piano Arpeggio 10 - SFX Producer', format=5, channels=2, frequency=48000, lengthbytes=102048, lengthpcm=418176, pcmblocksize=0, loopstart=0, loopend=0, mode=0x00000000, channelmask=0x00000000, channelorder=0, peakvolume=0.444824.
[LOG] SoundI::release                          :  (000002E350F3B278)
[LOG] SoundI::release                          :     Music_Piano Arpeggio 10 - SFX Producer (000002E350F08118)
[LOG] SystemI::createSoundInternal             : Create name='', mode=0x02000202
[LOG] SystemI::createSoundInternal             : exinfo->cbsize             = 224
[LOG] SystemI::createSoundInternal             : exinfo->length             = 1075744
[LOG] SystemI::createSoundInternal             : exinfo->fileoffset         = 18464
[LOG] SystemI::createSoundInternal             : exinfo->numsubsounds       = 1
[LOG] SystemI::createSoundInternal             : exinfo->inclusionlist      = 000000F0DE10F168
[LOG] SystemI::createSoundInternal             : exinfo->inclusionlistnum   = 1
[LOG] SystemI::createSoundInternal             : exinfo->suggestedsoundtype = 5
[LOG] SystemI::createSoundInternal             : exinfo->useropen           = 00007FFC542E33C0
[LOG] SystemI::createSoundInternal             : exinfo->userclose          = 00007FFC542E3380
[LOG] SystemI::createSoundInternal             : exinfo->userread           = 00007FFC542E34A0
[LOG] SystemI::createSoundInternal             : exinfo->userseek           = 00007FFC542E3560
[LOG] SystemI::createSoundInternal             : exinfo->fileuserdata       = 000002E0386B72B8
[LOG] SystemI::createSoundInternal             : exinfo->initialseekpostype = 1
[LOG] SystemI::DSPCodecPoolRegister            : register codec pool for pool type 5
[LOG] SystemI::createSoundInternal             : Sample 0/1: name='Music_Piano Arpeggio 10 - SFX Producer', format=5, channels=2, frequency=48000, lengthbytes=102048, lengthpcm=418176, pcmblocksize=0, loopstart=0, loopend=0, mode=0x00000000, channelmask=0x00000000, channelorder=0, peakvolume=0.444824.
[LOG] SystemI::createSound                     : filename = Assets/FMOD/fmodstudio/Build/Desktop/Master.bank : mode 02010082
[LOG] SystemI::createSound                     : FMOD_NONBLOCKING specified.  Putting into queue to be opened asynchronously!
[LOG] SystemI::createSound                     : setdata soundi = 000002E260256FB8 : node = 000002E033973780
[LOG] SystemI::createSound                     : add node to async list : head = 000002E2AC1DD368.  list count = 0
[LOG] SystemI::createSound                     : filename = Assets/FMOD/fmodstudio/Build/Desktop/Master.bank : mode 02010082
[LOG] SystemI::createSound                     : FMOD_NONBLOCKING specified.  Putting into queue to be opened asynchronously!
[LOG] SystemI::createSound                     : setdata soundi = 000002E260257D38 : node = 000002E033973140
[LOG] SystemI::createSound                     : add node to async list : head = 000002E2AC1DD368.  list count = 1
[LOG] SystemI::createSound                     : filename = Assets/FMOD/fmodstudio/Build/Desktop/Master.bank : mode 02010082
[LOG] SystemI::createSound                     : FMOD_NONBLOCKING specified.  Putting into queue to be opened asynchronously!
[LOG] AsyncThread::threadFunc                  : Starting Asynchronous operation on sound 000002E260256FB8
[LOG] SystemI::createSound                     : setdata soundi = 000002E260257168 : node = 000002E033973280
[LOG] SystemI::createSoundInternal             :     Create name='Assets/FMOD/fmodstudio/Build/Desktop/Master.bank', mode=0x02010082
[LOG] SystemI::createSound                     :     add node to async list : head = 000002E2AC1DD368.  list count = 1
[LOG] SystemI::createSoundInternal             :     exinfo->cbsize             = 224
[LOG] SystemI::createSoundInternal             :     exinfo->length             = 7036800
[LOG] SystemI::createSoundInternal             :     exinfo->fileoffset         = 7584
[LOG] SystemI::createSoundInternal             :     exinfo->numsubsounds       = 1
[LOG] SystemI::createSoundInternal             :     exinfo->inclusionlist      = 000002E033973890
[LOG] SystemI::createSoundInternal             :     exinfo->inclusionlistnum   = 1
[LOG] SystemI::createSoundInternal             :     exinfo->suggestedsoundtype = 5
[LOG] SystemI::createSoundInternal             :     exinfo->initialseekpostype = 1
[LOG] SystemI::createSoundInternal             :     Stream 0/1: name='Elan STEMS INSTRUMENTS', format=5, channels=2, frequency=48000, lengthbytes=1902080, lengthpcm=7835904, pcmblocksize=0, loopstart=0, loopend=0, mode=0x00000000, channelmask=0x00000000, channelorder=0, peakvolume=0.989929.
[LOG] AsyncThread::threadFunc                  : Finished Asynchronous operation on sound 000002E260256FB8
[LOG] AsyncThread::threadFunc                  : Starting Asynchronous operation on sound 000002E260257D38
[LOG] SystemI::createSoundInternal             :     Create name='Assets/FMOD/fmodstudio/Build/Desktop/Master.bank', mode=0x02010082
[LOG] SystemI::createSoundInternal             :     exinfo->cbsize             = 224
[LOG] SystemI::createSoundInternal             :     exinfo->length             = 7036800
[LOG] SystemI::createSoundInternal             :     exinfo->fileoffset         = 7584
[LOG] SystemI::createSoundInternal             :     exinfo->numsubsounds       = 1
[LOG] SystemI::createSoundInternal             :     exinfo->inclusionlist      = 000002E033973250
[LOG] SystemI::createSoundInternal             :     exinfo->inclusionlistnum   = 1
[LOG] SystemI::createSoundInternal             :     exinfo->suggestedsoundtype = 5
[LOG] SystemI::createSoundInternal             :     exinfo->initialseekpostype = 1
[LOG] SystemI::createSoundInternal             :     Stream 0/1: name='Elan STEMS MELODY', format=5, channels=2, frequency=48000, lengthbytes=1826688, lengthpcm=7835904, pcmblocksize=0, loopstart=0, loopend=0, mode=0x00000000, channelmask=0x00000000, channelorder=0, peakvolume=0.989258.
[LOG] AsyncThread::threadFunc                  : Finished Asynchronous operation on sound 000002E260257D38
[LOG] AsyncThread::threadFunc                  : Starting Asynchronous operation on sound 000002E260257168
[LOG] SystemI::createSoundInternal             :     Create name='Assets/FMOD/fmodstudio/Build/Desktop/Master.bank', mode=0x02010082
[LOG] SystemI::createSoundInternal             :     exinfo->cbsize             = 224
[LOG] SystemI::createSoundInternal             :     exinfo->length             = 7036800
[LOG] SystemI::createSoundInternal             :     exinfo->fileoffset         = 7584
[LOG] SystemI::createSoundInternal             :     exinfo->numsubsounds       = 1
[LOG] SystemI::createSoundInternal             :     exinfo->inclusionlist      = 000002E033973390
[LOG] SystemI::createSoundInternal             :     exinfo->inclusionlistnum   = 1
[LOG] SystemI::createSoundInternal             :     exinfo->suggestedsoundtype = 5
[LOG] SystemI::createSoundInternal             :     exinfo->initialseekpostype = 1
[LOG] SystemI::createSoundInternal             :     Stream 0/1: name='Elan STEMS BASS', format=5, channels=2, frequency=48000, lengthbytes=1425312, lengthpcm=7835904, pcmblocksize=0, loopstart=0, loopend=0, mode=0x00000000, channelmask=0x00000000, channelorder=0, peakvolume=0.988403.
[LOG] AsyncThread::threadFunc                  : Finished Asynchronous operation on sound 000002E260257168
[LOG] SoundI::release                          : Elan STEMS BASS (000002E260492998)
[LOG] SoundI::release                          :     Elan STEMS BASS (000002E2AA9ABD08)
[LOG] SoundI::release                          :     Elan STEMS BASS (000002E3747DF4F8)
[LOG] SoundI::release                          : Elan STEMS MELODY (000002E260492638)
[LOG] SoundI::release                          :     Elan STEMS MELODY (000002E2AA9ABB68)
[LOG] SoundI::release                          :     Elan STEMS MELODY (000002E3747DF348)
[LOG] SoundI::release                          : Elan STEMS INSTRUMENTS (000002E2604922D8)
[LOG] SoundI::release                          :     Elan STEMS INSTRUMENTS (000002E2AA9AAE68)
[LOG] SoundI::release                          :     Elan STEMS INSTRUMENTS (000002E3747E2E58)
[LOG] SoundI::release                          :  (000002E37D355258)
[LOG] SoundI::release                          :     Music_Piano Arpeggio 10 - SFX Producer (000002E037D89B68)
[LOG] SoundI::release                          :  (000002E3B64D9838)
[LOG] SoundI::release                          :     Music_Piano Arpeggio 9 - SFX Producer (000002E3C3F87818)
[LOG] SoundI::release                          :  (000002E3B64D96C8)
[LOG] SoundI::release                          :     Music_Piano Ascend 4 - SFX Producer (000002E3B57CE8A8)
[LOG] SoundI::release                          :  (000002E26050E218)
[LOG] SoundI::release                          :     ES_Acoustic Guitar 6 - SFX Producer (000002E373FD64F8)
[LOG] SoundI::release                          :  (000002E26082F648)
[LOG] SoundI::release                          :     Acoustic Guitar 12 - SFX Producer (000002E373FD5E78)
[LOG] SoundI::release                          :  (000002E3B64D9B18)
[LOG] SoundI::release                          :     331339__maurolupo__2-notes-octave-guitar (000002E3B57CE228)
[LOG] SoundI::release                          :  (000002E373B774D8)
[LOG] SoundI::release                          :     36280__johnnypanic__plucked1 (000002E37DD71AA8)
[LOG] SoundI::release                          :  (000002E26082FC08)
[LOG] SoundI::release                          :     single-piano-note-1_01 (000002E033BA5A48)
[LOG] SoundI::release                          :  (000002E26082FA98)
[LOG] SoundI::release                          :     single-piano-note-1_02 (000002E3780A25E8)
[LOG] SoundI::release                          :  (000002E373B77648)
[LOG] SoundI::release                          :     single-piano-note-2 (000002E37DD71908)
[LOG] SoundI::release                          :  (000002E26050E7D8)
[LOG] SoundI::release                          :     424979__deathstardude__bb3-piano-note (000002E37CEF5238)
[LOG] SoundI::release                          :  (000002E26050E668)
[LOG] SoundI::release                          :     kalimba 2.3 (000002E373A7F078)
[LOG] SoundI::release                          :  (000002E26050E388)
[LOG] SoundI::release                          :     kalimba 3 (000002E373FD6698)
[LOG] SoundI::release                          :  (000002E26082F088)
[LOG] SoundI::release                          :     kalimba 5 (000002E3780A22A8)
[LOG] SoundI::release                          :  (000002E373B76C38)
[LOG] SoundI::release                          :     kalimba note 2 (000002E37CEF5718)
[LOG] SoundI::release                          :  (000002E3511D9068)
[LOG] SoundI::release                          :     kalimba note 04 (000002E033BA5D88)
[LOG] SoundI::release                          :  (000002E373B77088)
[LOG] SoundI::release                          :     kalimba 2.1 (000002E3C4192EE8)
[LOG] SoundI::release                          :  (000002E26082F4D8)
[LOG] SoundI::release                          :     415104__gusgus26__kalimba note 1 (000002E3780A1C28)
[LOG] SoundI::release                          :  (000002E26050ED98)
[LOG] SoundI::release                          :     kalimba 2.2 (000002E373A7FBD8)
[LOG] SoundI::release                          :  (000002E26050EC28)
[LOG] SoundI::release                          :     58739__arioke__kalimba-lam11-d4-wipe-soft (000002E373A7F898)
[LOG] SoundI::release                          :  (000002E373B76F18)
[LOG] SoundI::release                          :     flute note 1 (000002E3C4192A08)
[LOG] SoundI::release                          :  (000002E3B64D99A8)
[LOG] SoundI::release                          :     flute note 2 (000002E3B57CED88)
[LOG] SoundI::release                          :  (000002E26082FD78)
[LOG] SoundI::release                          :     flute note 3# (000002E3780A18E8)
[LOG] SoundI::release                          :  (000002E3B64D9558)
[LOG] SoundI::release                          :     flute note 4 (000002E3C4193708)
[LOG] SoundI::release                          :  (000002E26082F368)
[LOG] SoundI::release                          :     flute note 5 (000002E3780A1DC8)
[LOG] SoundI::release                          :  (000002E373B76DA8)
[LOG] SoundI::release                          :     flute note 6 (000002E37DD715C8)
[LOG] SoundI::release                          :  (000002E373B777B8)
[LOG] SoundI::release                          :     xylophone 1 (000002E3C4193088)
[LOG] SoundI::release                          :  (000002E3511D9628)
[LOG] SoundI::release                          :     xylophone 2 (000002E033BA5708)
[LOG] SoundI::release                          : Elan STEMS BASS (000002E260257168)
[LOG] SoundI::release                          :     Elan STEMS BASS (000002E350F08FB8)
[LOG] SoundI::release                          :     Elan STEMS BASS (000002E3747E4B08)
[LOG] SoundI::release                          : Elan STEMS MELODY (000002E260257D38)
[LOG] SoundI::release                          :     Elan STEMS MELODY (000002E350F08798)
[LOG] SoundI::release                          :     Elan STEMS MELODY (000002E3747DF6A8)
[LOG] SoundI::release                          : Elan STEMS INSTRUMENTS (000002E260256FB8)
[LOG] SoundI::release                          :     Elan STEMS INSTRUMENTS (000002E350F08118)
[LOG] SoundI::release                          :     Elan STEMS INSTRUMENTS (000002E3747E3878)
[LOG] SoundI::release                          :  (000002E26082F1F8)
[LOG] SoundI::release                          :     xylophone 3 (000002E034E95568)
[LOG] SoundI::release                          :  (000002E26050E4F8)
[LOG] SoundI::release                          :     xylophone 4 (000002E373A7F218)
[LOG] SoundI::release                          :  (000002E26050E0A8)
[LOG] SoundI::release                          :     xylophone 5 (000002E373A7F6F8)
[LOG] SoundI::release                          :  (000002E373B771F8)
[LOG] SoundI::release                          :     xylophone 6 (000002E37DD71DE8)
[LOG] SoundI::release                          :  (000002E26082F928)
[LOG] SoundI::release                          :     ES_Music Box Swan Lake Single Notes 14 - SFX Producer (000002E034E95708)
[LOG] SoundI::release                          :  (000002E373B77368)
[LOG] SoundI::release                          :     ES_Music Box Swan Lake Single Notes 25 - SFX Producer (000002E37CEF5D98)
[LOG] SoundI::release                          :  (000002E373B76AC8)
[LOG] SoundI::release                          :     ES_Music Box Swan Lake Single Notes 30 - SFX Producer (000002E37DD710E8)
[LOG] SoundI::release                          :  (000002E26050EAB8)
[LOG] SoundI::release                          :     ES_Music Box Swan Lake Single Notes 31 - SFX Producer (000002E373FD6018)
[LOG] SoundI::release                          :  (000002E3B64D9DF8)
[LOG] SoundI::release                          :     ES_Music Box Swan Lake Single Notes 32 - SFX Producer (000002E3B57CE088)
[LOG] SoundI::release                          :  (000002E26050E948)
[LOG] SoundI::release                          :     ES_Music Box Swan Lake Single Notes - SFX Producer (000002E37CEF5098)
[LOG] SoundI::release                          :  (000002E26082F7B8)
[LOG] SoundI::release                          :     ES_Music Box Swan Lake Single Notes 3 - SFX Producer (000002E033BA5568)
[LOG] SoundI::release                          :  (000002E3B64D9C88)
[LOG] SoundI::release                          :     ES_Chime Bell Muted 3 - SFX Producer (000002E3B57CE568)
[LOG] Thread::callback                         : FMOD Studio update thread finished.
[LOG] Thread::callback                         : FMOD Studio bank load thread finished.
[LOG] Profile::disconnectAll                   : Profiler disconnecting all clients
[LOG] Thread::callback                         : FMOD Studio sample load thread finished.
[LOG] LiveUpdate::release                      : 
[LOG] LiveUpdate::reset                        : Reset connection (reason Disconnected)
[LOG] Thread::callback                         : FMOD stream thread finished.
[LOG] Thread::callback                         : FMOD mixer thread finished.
[LOG] Profile::disconnectAll                   : Profiler disconnecting all clients
[LOG] SystemI::close                           : Closed.
[LOG] Thread::callback                         : FMOD Studio bank load thread finished.
[LOG] Thread::callback                         : FMOD Studio sample load thread finished.
[LOG] LiveUpdate::release                      : 
[LOG] LiveUpdate::reset                        : Reset connection (reason Disconnected)
[LOG] Thread::callback                         : FMOD stream thread finished.
[LOG] Thread::callback                         : FMOD mixer thread finished.
[LOG] SystemI::close                           : Closed.
[LOG] Thread::callback                         : FMOD nonblocking thread (0) finished.
[LOG] Thread::callback                         : FMOD file thread finished.
